1315462936132|-1||debug||com.p6spy.engine.common.P6SpyOptions reloading properties
1315462936138|-1||info||Using properties file: C:\OXD\WaterFlow\src\WebApp\war\WEB-INF\classes\spy.properties
1315462936138|-1||info||No value in environment for: getAppender, using: null
1315462936138|-1||info||No value in environment for: getAppend, using: true
1315462936138|-1||info||No value in environment for: getExecutionThreshold, using: 0
1315462936138|-1||info||No value in environment for: getStringMatcherEngine, using: com.p6spy.engine.common.SubstringMatcher@a602ee
1315462936138|-1||info||No value in environment for: getReloadPropertiesInterval, using: -1
1315462936139|-1||info||No value in environment for: getJNDIContextFactory, using: null
1315462936139|-1||info||No value in environment for: getJNDIContextProviderURL, using: null
1315462936139|-1||info||No value in environment for: getRealDataSourceClass, using: null
1315462936139|-1||info||No value in environment for: getRealDataSourceProperties, using: null
1315462936139|-1||info||No value in environment for: getDeregisterDrivers, using: true
1315462936139|-1||info||No value in environment for: getExcludecategories, using: null
1315462936140|-1||info||No value in environment for: getIncludecategories, using: null
1315462936140|-1||info||No value in environment for: getRealdriver, using: com.mysql.jdbc.Driver
1315462936140|-1||info||No value in environment for: getRealdriver2, using: 
1315462936140|-1||info||No value in environment for: getRealdriver3, using: 
1315462936140|-1||info||No value in environment for: getDateformat, using: null
1315462936140|-1||info||No value in environment for: getDateformatter, using: null
1315462936140|-1||info||No value in environment for: getStringmatcher, using: com.p6spy.engine.common.SubstringMatcher
1315462936141|-1||info||No value in environment for: getStackTraceClass, using: null
1315462936141|-1||info||No value in environment for: getSQLExpression, using: null
1315462936141|-1||info||No value in environment for: getReloadProperties, using: false
1315462936141|-1||info||No value in environment for: getJNDIContextCustom, using: null
1315462936141|-1||info||No value in environment for: getRealDataSource, using: null
1315462936141|-1||info||No value in environment for: getUsePrefix, using: false
1315462936141|-1||info||No value in environment for: getAutoflush, using: false
1315462936141|-1||info||No value in environment for: getExclude, using: null
1315462936142|-1||info||No value in environment for: getInclude, using: null
1315462936142|-1||info||No value in environment for: getLogfile, using: d:/spy.log
1315462936142|-1||info||No value in environment for: getSpydriver, using: com.p6spy.engine.spy.P6SpyDriver
1315462936142|-1||info||No value in environment for: getStackTrace, using: false
1315462936142|-1||info||No value in environment for: getFilter, using: false
